mode: set
github.com/restaurent_table_booking/internal/config/config.go:31.36,32.25 1 0
github.com/restaurent_table_booking/internal/config/config.go:32.25,34.3 1 0
github.com/restaurent_table_booking/internal/config/config.go:37.2,38.24 2 0
github.com/restaurent_table_booking/internal/config/config.go:38.24,40.3 1 0
github.com/restaurent_table_booking/internal/config/config.go:42.2,48.16 6 0
github.com/restaurent_table_booking/internal/config/config.go:48.16,50.3 1 0
github.com/restaurent_table_booking/internal/config/config.go:52.2,52.45 1 0
github.com/restaurent_table_booking/internal/config/config.go:52.45,54.3 1 0
github.com/restaurent_table_booking/internal/config/config.go:56.2,57.49 2 0
github.com/restaurent_table_booking/internal/config/config.go:57.49,59.3 1 0
github.com/restaurent_table_booking/internal/config/config.go:61.2,63.21 2 0
github.com/restaurent_table_booking/internal/config/config.go:66.40,68.16 2 0
github.com/restaurent_table_booking/internal/config/config.go:68.16,70.3 1 0
github.com/restaurent_table_booking/internal/config/config.go:72.2,72.6 1 0
github.com/restaurent_table_booking/internal/config/config.go:72.6,74.66 1 0
github.com/restaurent_table_booking/internal/config/config.go:74.66,76.4 1 0
github.com/restaurent_table_booking/internal/config/config.go:79.3,80.20 2 0
github.com/restaurent_table_booking/internal/config/config.go:80.20,82.4 1 0
github.com/restaurent_table_booking/internal/config/config.go:84.3,84.15 1 0
github.com/restaurent_table_booking/internal/config/config.go:88.44,90.2 1 0
github.com/restaurent_table_booking/internal/main.go:10.13,30.2 5 0
github.com/restaurent_table_booking/internal/routes/routes.go:9.33,26.52 11 0
github.com/restaurent_table_booking/internal/routes/routes.go:26.52,28.3 1 0
github.com/restaurent_table_booking/internal/utils/middlewares/middlewares.go:10.39,11.30 1 0
github.com/restaurent_table_booking/internal/utils/middlewares/middlewares.go:11.30,13.17 2 0
github.com/restaurent_table_booking/internal/utils/middlewares/middlewares.go:13.17,17.4 3 0
github.com/restaurent_table_booking/internal/utils/middlewares/middlewares.go:18.3,19.17 2 0
github.com/restaurent_table_booking/internal/utils/middlewares/middlewares.go:19.17,23.4 3 0
github.com/restaurent_table_booking/internal/utils/middlewares/middlewares.go:26.3,29.11 3 0
github.com/restaurent_table_booking/internal/utils/middlewares/middlewares.go:33.32,35.32 2 0
github.com/restaurent_table_booking/internal/utils/middlewares/middlewares.go:35.32,39.3 3 0
github.com/restaurent_table_booking/internal/utils/middlewares/middlewares.go:41.2,41.10 1 0
github.com/restaurent_table_booking/internal/repositories/account_repository.go:10.60,19.35 3 1
github.com/restaurent_table_booking/internal/repositories/account_repository.go:19.35,21.61 2 1
github.com/restaurent_table_booking/internal/repositories/account_repository.go:21.61,24.4 2 1
github.com/restaurent_table_booking/internal/repositories/account_repository.go:26.2,26.22 1 1
github.com/restaurent_table_booking/internal/repositories/account_repository.go:29.72,31.24 2 1
github.com/restaurent_table_booking/internal/repositories/account_repository.go:31.24,32.12 1 1
github.com/restaurent_table_booking/internal/repositories/account_repository.go:32.12,34.4 1 1
github.com/restaurent_table_booking/internal/repositories/account_repository.go:35.3,35.22 1 1
github.com/restaurent_table_booking/internal/repositories/account_repository.go:38.2,40.16 3 1
github.com/restaurent_table_booking/internal/repositories/account_repository.go:40.16,42.3 1 0
github.com/restaurent_table_booking/internal/repositories/account_repository.go:43.2,46.16 3 1
github.com/restaurent_table_booking/internal/repositories/account_repository.go:46.16,48.3 1 1
github.com/restaurent_table_booking/internal/repositories/account_repository.go:50.2,50.30 1 1
github.com/restaurent_table_booking/internal/repositories/account_repository.go:53.49,60.16 3 1
github.com/restaurent_table_booking/internal/repositories/account_repository.go:60.16,62.3 1 1
github.com/restaurent_table_booking/internal/repositories/account_repository.go:63.2,66.18 3 1
github.com/restaurent_table_booking/internal/repositories/account_repository.go:66.18,69.17 3 1
github.com/restaurent_table_booking/internal/repositories/account_repository.go:69.17,71.4 1 0
github.com/restaurent_table_booking/internal/repositories/account_repository.go:72.3,72.27 1 1
github.com/restaurent_table_booking/internal/repositories/account_repository.go:74.2,74.19 1 1
github.com/restaurent_table_booking/internal/utils/hash.go:5.52,8.2 2 0
github.com/restaurent_table_booking/internal/utils/hash.go:10.59,13.2 2 0
github.com/restaurent_table_booking/internal/utils/jwt.go:30.70,42.2 3 0
github.com/restaurent_table_booking/internal/utils/jwt.go:45.41,46.76 1 0
github.com/restaurent_table_booking/internal/utils/jwt.go:46.76,47.58 1 0
github.com/restaurent_table_booking/internal/utils/jwt.go:47.58,49.4 1 0
github.com/restaurent_table_booking/internal/utils/jwt.go:50.3,50.32 1 0
github.com/restaurent_table_booking/internal/utils/jwt.go:53.2,53.16 1 0
github.com/restaurent_table_booking/internal/utils/jwt.go:53.16,55.3 1 0
github.com/restaurent_table_booking/internal/utils/jwt.go:57.2,57.12 1 0
github.com/restaurent_table_booking/internal/utils/jwt.go:61.49,62.101 1 0
github.com/restaurent_table_booking/internal/utils/jwt.go:62.101,63.58 1 0
github.com/restaurent_table_booking/internal/utils/jwt.go:63.58,65.4 1 0
github.com/restaurent_table_booking/internal/utils/jwt.go:66.3,66.32 1 0
github.com/restaurent_table_booking/internal/utils/jwt.go:69.2,69.16 1 0
github.com/restaurent_table_booking/internal/utils/jwt.go:69.16,71.3 1 0
github.com/restaurent_table_booking/internal/utils/jwt.go:73.2,73.61 1 0
github.com/restaurent_table_booking/internal/utils/jwt.go:73.61,75.3 1 0
github.com/restaurent_table_booking/internal/utils/jwt.go:77.2,77.48 1 0
github.com/restaurent_table_booking/internal/db/db.go:13.15,15.16 2 0
github.com/restaurent_table_booking/internal/db/db.go:15.16,17.3 1 0
github.com/restaurent_table_booking/internal/db/db.go:19.2,22.16 3 0
github.com/restaurent_table_booking/internal/db/db.go:22.16,25.3 2 0
github.com/restaurent_table_booking/internal/db/db.go:26.2,30.16 4 0
github.com/restaurent_table_booking/internal/db/db.go:30.16,31.13 1 0
github.com/restaurent_table_booking/internal/db/db.go:35.26,46.16 3 0
github.com/restaurent_table_booking/internal/db/db.go:46.16,48.3 1 0
github.com/restaurent_table_booking/internal/db/db.go:50.2,60.16 3 0
github.com/restaurent_table_booking/internal/db/db.go:60.16,62.3 1 0
github.com/restaurent_table_booking/internal/db/db.go:64.2,74.16 3 0
github.com/restaurent_table_booking/internal/db/db.go:74.16,76.3 1 0
github.com/restaurent_table_booking/internal/db/db.go:78.2,90.16 3 0
github.com/restaurent_table_booking/internal/db/db.go:90.16,92.3 1 0
github.com/restaurent_table_booking/internal/db/db.go:94.2,105.16 3 0
github.com/restaurent_table_booking/internal/db/db.go:105.16,107.3 1 0
github.com/restaurent_table_booking/internal/db/db.go:109.2,120.16 3 0
github.com/restaurent_table_booking/internal/db/db.go:120.16,122.3 1 0
github.com/restaurent_table_booking/internal/db/db.go:124.2,131.16 3 0
github.com/restaurent_table_booking/internal/db/db.go:131.16,133.3 1 0
github.com/restaurent_table_booking/internal/db/db.go:135.2,154.16 3 0
github.com/restaurent_table_booking/internal/db/db.go:154.16,156.3 1 0
github.com/restaurent_table_booking/internal/db/db.go:158.2,158.12 1 0
github.com/restaurent_table_booking/internal/services/account.service.go:11.48,13.12 2 0
github.com/restaurent_table_booking/internal/services/account.service.go:13.12,15.3 1 0
github.com/restaurent_table_booking/internal/services/account.service.go:17.2,18.16 2 0
github.com/restaurent_table_booking/internal/services/account.service.go:18.16,20.3 1 0
github.com/restaurent_table_booking/internal/services/account.service.go:22.2,24.16 2 0
github.com/restaurent_table_booking/internal/services/account.service.go:24.16,26.3 1 0
github.com/restaurent_table_booking/internal/services/account.service.go:28.2,29.12 2 0
github.com/restaurent_table_booking/internal/services/account.service.go:32.45,34.12 2 0
github.com/restaurent_table_booking/internal/services/account.service.go:34.12,36.3 1 0
github.com/restaurent_table_booking/internal/services/account.service.go:38.2,39.16 2 0
github.com/restaurent_table_booking/internal/services/account.service.go:39.16,41.3 1 0
github.com/restaurent_table_booking/internal/services/account.service.go:43.2,45.16 2 0
github.com/restaurent_table_booking/internal/services/account.service.go:45.16,47.3 1 0
github.com/restaurent_table_booking/internal/services/account.service.go:49.2,50.12 2 0
github.com/restaurent_table_booking/internal/services/account.service.go:53.45,55.12 2 0
github.com/restaurent_table_booking/internal/services/account.service.go:55.12,57.3 1 0
github.com/restaurent_table_booking/internal/services/account.service.go:59.2,60.16 2 0
github.com/restaurent_table_booking/internal/services/account.service.go:60.16,62.3 1 0
github.com/restaurent_table_booking/internal/services/account.service.go:64.2,66.16 2 0
github.com/restaurent_table_booking/internal/services/account.service.go:66.16,68.3 1 0
github.com/restaurent_table_booking/internal/services/account.service.go:70.2,71.12 2 0
github.com/restaurent_table_booking/internal/services/account.service.go:74.45,76.12 2 0
github.com/restaurent_table_booking/internal/services/account.service.go:76.12,78.3 1 0
github.com/restaurent_table_booking/internal/services/account.service.go:80.2,81.16 2 0
github.com/restaurent_table_booking/internal/services/account.service.go:81.16,83.3 1 0
github.com/restaurent_table_booking/internal/services/account.service.go:85.2,87.16 2 0
github.com/restaurent_table_booking/internal/services/account.service.go:87.16,89.3 1 0
github.com/restaurent_table_booking/internal/services/account.service.go:91.2,92.12 2 0
github.com/restaurent_table_booking/internal/services/account.service.go:95.37,98.9 3 0
github.com/restaurent_table_booking/internal/services/account.service.go:98.9,100.3 1 0
github.com/restaurent_table_booking/internal/services/account.service.go:101.2,101.12 1 0
github.com/restaurent_table_booking/internal/services/account.service.go:104.49,106.2 1 0
github.com/restaurent_table_booking/internal/services/restaurant.service.go:11.55,15.16 4 0
github.com/restaurent_table_booking/internal/services/restaurant.service.go:15.16,17.3 1 0
github.com/restaurent_table_booking/internal/services/restaurant.service.go:18.2,20.18 2 0
github.com/restaurent_table_booking/internal/services/restaurant.service.go:20.18,23.17 3 0
github.com/restaurent_table_booking/internal/services/restaurant.service.go:23.17,25.4 1 0
github.com/restaurent_table_booking/internal/services/restaurant.service.go:26.3,26.23 1 0
github.com/restaurent_table_booking/internal/services/restaurant.service.go:28.2,28.17 1 0
github.com/restaurent_table_booking/internal/services/restaurant.service.go:31.51,36.16 3 0
github.com/restaurent_table_booking/internal/services/restaurant.service.go:36.16,38.3 1 0
github.com/restaurent_table_booking/internal/services/restaurant.service.go:39.2,42.16 4 0
github.com/restaurent_table_booking/internal/services/restaurant.service.go:42.16,45.3 1 0
github.com/restaurent_table_booking/internal/services/restaurant.service.go:46.2,47.16 2 0
github.com/restaurent_table_booking/internal/services/restaurant.service.go:47.16,49.3 1 0
github.com/restaurent_table_booking/internal/services/restaurant.service.go:50.2,51.12 2 0
github.com/restaurent_table_booking/internal/controllers/account.controller.go:12.44,15.16 3 1
github.com/restaurent_table_booking/internal/controllers/account.controller.go:15.16,18.3 2 1
github.com/restaurent_table_booking/internal/controllers/account.controller.go:20.2,20.16 1 1
github.com/restaurent_table_booking/internal/controllers/account.controller.go:21.18,23.17 2 1
github.com/restaurent_table_booking/internal/controllers/account.controller.go:23.17,26.4 2 1
github.com/restaurent_table_booking/internal/controllers/account.controller.go:27.15,29.17 2 1
github.com/restaurent_table_booking/internal/controllers/account.controller.go:29.17,32.4 2 1
github.com/restaurent_table_booking/internal/controllers/account.controller.go:33.15,35.17 2 1
github.com/restaurent_table_booking/internal/controllers/account.controller.go:35.17,38.4 2 1
github.com/restaurent_table_booking/internal/controllers/account.controller.go:39.15,41.17 2 1
github.com/restaurent_table_booking/internal/controllers/account.controller.go:41.17,44.4 2 1
github.com/restaurent_table_booking/internal/controllers/account.controller.go:45.10,47.9 2 1
github.com/restaurent_table_booking/internal/controllers/account.controller.go:50.2,50.77 1 0
github.com/restaurent_table_booking/internal/controllers/account.controller.go:53.41,56.16 3 1
github.com/restaurent_table_booking/internal/controllers/account.controller.go:56.16,59.3 2 1
github.com/restaurent_table_booking/internal/controllers/account.controller.go:60.2,61.16 2 1
github.com/restaurent_table_booking/internal/controllers/account.controller.go:61.16,64.3 2 1
github.com/restaurent_table_booking/internal/controllers/account.controller.go:66.2,67.16 2 0
github.com/restaurent_table_booking/internal/controllers/account.controller.go:67.16,70.3 2 0
github.com/restaurent_table_booking/internal/controllers/account.controller.go:73.2,75.105 2 0
github.com/restaurent_table_booking/internal/controllers/account.controller.go:78.50,80.16 2 1
github.com/restaurent_table_booking/internal/controllers/account.controller.go:80.16,82.3 1 1
github.com/restaurent_table_booking/internal/controllers/account.controller.go:83.2,83.48 1 1
github.com/restaurent_table_booking/internal/controllers/account.controller.go:86.42,92.2 2 1
github.com/restaurent_table_booking/internal/controllers/account.controller.go:94.39,96.13 2 1
github.com/restaurent_table_booking/internal/controllers/account.controller.go:96.13,99.3 2 1
github.com/restaurent_table_booking/internal/controllers/account.controller.go:101.2,101.50 1 1
github.com/restaurent_table_booking/internal/controllers/base.controller.go:5.33,9.2 1 0
github.com/restaurent_table_booking/internal/controllers/restaurent.controller.go:11.45,14.16 3 0
github.com/restaurent_table_booking/internal/controllers/restaurent.controller.go:14.16,17.3 2 0
github.com/restaurent_table_booking/internal/controllers/restaurent.controller.go:18.2,19.16 2 0
github.com/restaurent_table_booking/internal/controllers/restaurent.controller.go:19.16,22.3 2 0
github.com/restaurent_table_booking/internal/controllers/restaurent.controller.go:23.2,23.86 1 0
github.com/restaurent_table_booking/internal/controllers/restaurent.controller.go:26.46,28.16 2 0
github.com/restaurent_table_booking/internal/controllers/restaurent.controller.go:28.16,31.3 2 0
github.com/restaurent_table_booking/internal/controllers/restaurent.controller.go:32.2,32.56 1 0
github.com/restaurent_table_booking/internal/tests/test_utils.go:22.40,24.16 2 0
github.com/restaurent_table_booking/internal/tests/test_utils.go:24.16,26.3 1 0
github.com/restaurent_table_booking/internal/tests/test_utils.go:29.2,35.19 3 0
github.com/restaurent_table_booking/internal/tests/test_utils.go:35.19,38.3 2 0
github.com/restaurent_table_booking/internal/tests/test_utils.go:40.2,43.3 1 0
github.com/restaurent_table_booking/internal/tests/test_utils.go:47.53,56.21 2 0
github.com/restaurent_table_booking/internal/tests/test_utils.go:56.21,58.3 1 0
github.com/restaurent_table_booking/internal/tests/test_utils.go:60.2,60.20 1 0
github.com/restaurent_table_booking/internal/tests/test_utils.go:64.54,68.29 3 0
github.com/restaurent_table_booking/internal/tests/test_utils.go:68.29,70.3 1 0
github.com/restaurent_table_booking/internal/tests/test_utils.go:72.2,72.17 1 0
github.com/restaurent_table_booking/internal/tests/test_utils.go:76.91,78.21 2 0
github.com/restaurent_table_booking/internal/tests/test_utils.go:78.21,80.3 1 0
github.com/restaurent_table_booking/internal/tests/test_utils.go:82.2,85.25 1 0
github.com/restaurent_table_booking/internal/tests/test_utils.go:89.68,92.29 2 0
github.com/restaurent_table_booking/internal/tests/test_utils.go:92.29,94.22 2 0
github.com/restaurent_table_booking/internal/tests/test_utils.go:94.22,96.4 1 0
github.com/restaurent_table_booking/internal/tests/test_utils.go:98.3,100.34 1 0
github.com/restaurent_table_booking/internal/tests/test_utils.go:105.91,107.22 2 0
github.com/restaurent_table_booking/internal/tests/test_utils.go:107.22,108.12 1 0
github.com/restaurent_table_booking/internal/tests/test_utils.go:108.12,110.4 1 0
github.com/restaurent_table_booking/internal/tests/test_utils.go:111.3,111.22 1 0
github.com/restaurent_table_booking/internal/tests/test_utils.go:115.2,116.27 2 0
github.com/restaurent_table_booking/internal/tests/test_utils.go:116.27,118.3 1 0
github.com/restaurent_table_booking/internal/tests/test_utils.go:120.2,124.45 2 0
github.com/restaurent_table_booking/internal/tests/test_utils.go:128.74,131.35 2 0
github.com/restaurent_table_booking/internal/tests/test_utils.go:131.35,133.3 1 0
github.com/restaurent_table_booking/internal/tests/test_utils.go:135.2,136.23 1 0
github.com/restaurent_table_booking/internal/tests/test_utils.go:140.29,142.2 1 0
github.com/restaurent_table_booking/internal/tests/test_utils.go:145.31,147.2 1 0
github.com/restaurent_table_booking/internal/tests/test_utils.go:150.72,151.51 1 0
github.com/restaurent_table_booking/internal/tests/test_utils.go:151.51,153.3 1 0
github.com/restaurent_table_booking/internal/tests/test_utils.go:167.44,213.2 1 0
